<?xml version="1.0" encoding="utf-8"?><testsuites name="pytest tests"><testsuite name="pytest" errors="0" failures="1" skipped="0" tests="24" time="5.764" timestamp="2026-02-19T10:03:39.004271+00:00" hostname="agent-env-3e43279e-9e72-46dd-8d71-bc481bccd211"><testcase classname="backend.tests.test_subscription_push.TestSubscriptionPlans" name="test_get_subscription_plans" time="0.183" /><testcase classname="backend.tests.test_subscription_push.TestUserSubscription" name="test_get_my_subscription_default_free" time="0.405" /><testcase classname="backend.tests.test_subscription_push.TestUserSubscription" name="test_get_my_subscription_without_auth" time="0.090" /><testcase classname="backend.tests.test_subscription_push.TestUserSubscription" name="test_create_subscription_free_plan" time="0.120" /><testcase classname="backend.tests.test_subscription_push.TestAdminSubscriptions" name="test_admin_get_subscriptions" time="0.390" /><testcase classname="backend.tests.test_subscription_push.TestAdminSubscriptions" name="test_admin_get_subscriptions_filter_by_status" time="0.045" /><testcase classname="backend.tests.test_subscription_push.TestAdminSubscriptions" name="test_admin_get_subscriptions_filter_by_tier" time="0.045" /><testcase classname="backend.tests.test_subscription_push.TestAdminSubscriptions" name="test_admin_subscriptions_requires_admin" time="0.449" /><testcase classname="backend.tests.test_subscription_push.TestAdminPayments" name="test_admin_get_payments" time="0.401" /><testcase classname="backend.tests.test_subscription_push.TestAdminPayments" name="test_admin_payments_requires_admin" time="0.449" /><testcase classname="backend.tests.test_subscription_push.TestAdminUpdateSubscription" name="test_admin_update_subscription_invalid_id" time="0.356" /><testcase classname="backend.tests.test_subscription_push.TestAdminUpdateSubscription" name="test_admin_update_subscription_no_valid_fields" time="0.043" /><testcase classname="backend.tests.test_subscription_push.TestAdminUpdateSubscription" name="test_admin_update_subscription_requires_admin" time="0.421" /><testcase classname="backend.tests.test_subscription_push.TestPushPreferences" name="test_get_push_preferences" time="0.415" /><testcase classname="backend.tests.test_subscription_push.TestPushPreferences" name="test_update_push_preferences" time="0.167" /><testcase classname="backend.tests.test_subscription_push.TestPushPreferences" name="test_push_preferences_requires_auth" time="0.125" /><testcase classname="backend.tests.test_subscription_push.TestAdminPushNotifications" name="test_admin_send_push_notification_all" time="0.407" /><testcase classname="backend.tests.test_subscription_push.TestAdminPushNotifications" name="test_admin_send_push_notification_providers" time="0.051" /><testcase classname="backend.tests.test_subscription_push.TestAdminPushNotifications" name="test_admin_send_push_notification_users" time="0.064" /><testcase classname="backend.tests.test_subscription_push.TestAdminPushNotifications" name="test_admin_send_push_requires_admin" time="0.423" /><testcase classname="backend.tests.test_subscription_push.TestAdminPushNotifications" name="test_admin_get_push_history" time="0.082" /><testcase classname="backend.tests.test_subscription_push.TestAdminPushNotifications" name="test_admin_push_history_requires_admin" time="0.047" /><testcase classname="backend.tests.test_subscription_push.TestMockedPayPalAPIs" name="test_paypal_create_order_mocked" time="0.416"><failure message="AssertionError: Expected 200/201, got 404: {&quot;detail&quot;:&quot;Payment not found&quot;}&#10;assert 404 in [200, 201]&#10; +  where 404 = &lt;Response [404]&gt;.status_code">backend/tests/test_subscription_push.py:407: in test_paypal_create_order_mocked
    assert response.status_code in [200, 201], f"Expected 200/201, got {response.status_code}: {response.text}"
E   AssertionError: Expected 200/201, got 404: {"detail":"Payment not found"}
E   assert 404 in [200, 201]
E    +  where 404 = &lt;Response [404]&gt;.status_code</failure></testcase><testcase classname="backend.tests.test_subscription_push.TestMockedPayPalAPIs" name="test_paypal_capture_order_mocked" time="0.046" /></testsuite></testsuites>