<?xml version="1.0" encoding="utf-8"?><testsuites name="pytest tests"><testsuite name="pytest" errors="0" failures="0" skipped="0" tests="19" time="11.734" timestamp="2026-02-11T20:47:45.679606+00:00" hostname="agent-env-ffd8b969-8c74-49c9-b055-385e273fe912"><testcase classname="tests.test_verification_and_booking.TestAuthentication" name="test_admin_login" time="0.740" /><testcase classname="tests.test_verification_and_booking.TestAuthentication" name="test_provider_login" time="0.644" /><testcase classname="tests.test_verification_and_booking.TestAuthentication" name="test_user_login" time="0.543" /><testcase classname="tests.test_verification_and_booking.TestProviderVerification" name="test_get_provider_documents" time="1.067" /><testcase classname="tests.test_verification_and_booking.TestProviderVerification" name="test_upload_verification_document" time="0.319" /><testcase classname="tests.test_verification_and_booking.TestProviderVerification" name="test_admin_get_pending_providers" time="0.969" /><testcase classname="tests.test_verification_and_booking.TestProviderVerification" name="test_admin_verify_provider" time="0.862" /><testcase classname="tests.test_verification_and_booking.TestProviderVerification" name="test_admin_reject_provider" time="0.869" /><testcase classname="tests.test_verification_and_booking.TestBookingFlow" name="test_get_providers_list" time="0.318" /><testcase classname="tests.test_verification_and_booking.TestBookingFlow" name="test_get_services_list" time="0.315" /><testcase classname="tests.test_verification_and_booking.TestBookingFlow" name="test_get_user_bookings" time="0.867" /><testcase classname="tests.test_verification_and_booking.TestBookingFlow" name="test_get_provider_bookings" time="0.328" /><testcase classname="tests.test_verification_and_booking.TestBookingFlow" name="test_create_booking_with_full_details" time="0.320" /><testcase classname="tests.test_verification_and_booking.TestBookingFlow" name="test_provider_mark_complete" time="0.423" /><testcase classname="tests.test_verification_and_booking.TestBookingFlow" name="test_client_confirm_completion" time="0.318" /><testcase classname="tests.test_verification_and_booking.TestAdminEndpoints" name="test_admin_stats" time="0.974" /><testcase classname="tests.test_verification_and_booking.TestAdminEndpoints" name="test_admin_get_users" time="0.974" /><testcase classname="tests.test_verification_and_booking.TestAdminEndpoints" name="test_admin_unauthorized_access" time="0.488" /><testcase classname="tests.test_verification_and_booking.TestReviewFlow" name="test_create_review" time="0.322" /></testsuite></testsuites>