<?xml version="1.0" encoding="utf-8"?><testsuites name="pytest tests"><testsuite name="pytest" errors="0" failures="2" skipped="0" tests="18" time="8.391" timestamp="2026-02-22T13:20:20.303592+00:00" hostname="agent-env-ff395cf7-73ce-4972-b5a2-2b5462df20a8"><testcase classname="backend.tests.test_provider_registration_flow.TestProviderRegistration" name="test_register_as_provider_creates_provider_document" time="0.800" /><testcase classname="backend.tests.test_provider_registration_flow.TestProviderRegistration" name="test_provider_document_exists_after_registration" time="0.479" /><testcase classname="backend.tests.test_provider_registration_flow.TestProviderRegistration" name="test_provider_can_access_own_profile" time="0.354" /><testcase classname="backend.tests.test_provider_registration_flow.TestAdminProvidersAPI" name="test_admin_get_all_providers_requires_auth" time="0.359" /><testcase classname="backend.tests.test_provider_registration_flow.TestAdminProvidersAPI" name="test_admin_get_all_providers_requires_admin_role" time="0.362" /><testcase classname="backend.tests.test_provider_registration_flow.TestAdminProvidersAPI" name="test_admin_get_all_providers_success" time="1.025" /><testcase classname="backend.tests.test_provider_registration_flow.TestAdminProvidersAPI" name="test_admin_providers_filter_by_status" time="0.778" /><testcase classname="backend.tests.test_provider_registration_flow.TestAdminProvidersAPI" name="test_admin_providers_include_orphaned" time="0.361" /><testcase classname="backend.tests.test_provider_registration_flow.TestAdminCreateProviderFromUser" name="test_create_provider_from_user_requires_auth" time="0.363"><failure message="assert 404 == 401&#10; +  where 404 = &lt;Response [404]&gt;.status_code">backend/tests/test_provider_registration_flow.py:200: in test_create_provider_from_user_requires_auth
    assert response.status_code == 401
E   assert 404 == 401
E    +  where 404 = &lt;Response [404]&gt;.status_code</failure></testcase><testcase classname="backend.tests.test_provider_registration_flow.TestAdminCreateProviderFromUser" name="test_create_provider_from_user_requires_admin" time="0.369"><failure message="assert 404 == 403&#10; +  where 404 = &lt;Response [404]&gt;.status_code">backend/tests/test_provider_registration_flow.py:210: in test_create_provider_from_user_requires_admin
    assert response.status_code == 403
E   assert 404 == 403
E    +  where 404 = &lt;Response [404]&gt;.status_code</failure></testcase><testcase classname="backend.tests.test_provider_registration_flow.TestAdminCreateProviderFromUser" name="test_create_provider_from_user_user_not_found" time="0.385" /><testcase classname="backend.tests.test_provider_registration_flow.TestAdminCreateProviderFromUser" name="test_create_provider_from_user_already_has_profile" time="0.374" /><testcase classname="backend.tests.test_provider_registration_flow.TestServicesAPI" name="test_services_endpoint_returns_data" time="0.360" /><testcase classname="backend.tests.test_provider_registration_flow.TestServicesAPI" name="test_services_filter_by_type" time="0.372" /><testcase classname="backend.tests.test_provider_registration_flow.TestServicesAPI" name="test_services_include_provider_info" time="0.373" /><testcase classname="backend.tests.test_provider_registration_flow.TestRegistrationReturnsProviderId" name="test_registration_response_structure_for_provider" time="0.595" /><testcase classname="backend.tests.test_provider_registration_flow.TestRegistrationReturnsProviderId" name="test_registration_response_structure_for_patient" time="0.579" /><testcase classname="backend.tests.test_provider_registration_flow.TestCleanup" name="test_cleanup_note" time="0.001" /></testsuite></testsuites>