<?xml version="1.0" encoding="utf-8"?><testsuites name="pytest tests"><testsuite name="pytest" errors="0" failures="0" skipped="0" tests="20" time="32.921" timestamp="2026-02-19T10:50:27.501245+00:00" hostname="agent-env-8f9bea16-72f7-4ec0-a580-c4208de4394e"><testcase classname="backend.tests.test_enhanced_provider_profile.TestEnhancedProviderProfile" name="test_filter_options_returns_shift_options" time="1.558" /><testcase classname="backend.tests.test_enhanced_provider_profile.TestEnhancedProviderProfile" name="test_filter_options_returns_days_of_week" time="1.478" /><testcase classname="backend.tests.test_enhanced_provider_profile.TestEnhancedProviderProfile" name="test_filter_options_returns_gender_options" time="1.369" /><testcase classname="backend.tests.test_enhanced_provider_profile.TestEnhancedProviderProfile" name="test_filter_options_returns_language_options" time="1.420" /><testcase classname="backend.tests.test_enhanced_provider_profile.TestEnhancedProviderProfile" name="test_filter_options_returns_target_audience_options" time="1.506" /><testcase classname="backend.tests.test_enhanced_provider_profile.TestEnhancedProviderProfile" name="test_image_upload_success" time="1.461" /><testcase classname="backend.tests.test_enhanced_provider_profile.TestEnhancedProviderProfile" name="test_image_upload_rejects_non_image" time="1.437" /><testcase classname="backend.tests.test_enhanced_provider_profile.TestEnhancedProviderProfile" name="test_image_upload_requires_auth" time="1.468" /><testcase classname="backend.tests.test_enhanced_provider_profile.TestEnhancedProviderProfile" name="test_update_provider_gender" time="1.727" /><testcase classname="backend.tests.test_enhanced_provider_profile.TestEnhancedProviderProfile" name="test_update_provider_years_experience" time="1.736" /><testcase classname="backend.tests.test_enhanced_provider_profile.TestEnhancedProviderProfile" name="test_update_provider_about" time="1.794" /><testcase classname="backend.tests.test_enhanced_provider_profile.TestEnhancedProviderProfile" name="test_update_provider_expertise" time="1.774" /><testcase classname="backend.tests.test_enhanced_provider_profile.TestEnhancedProviderProfile" name="test_update_provider_languages" time="1.928" /><testcase classname="backend.tests.test_enhanced_provider_profile.TestEnhancedProviderProfile" name="test_update_provider_target_audience" time="1.783" /><testcase classname="backend.tests.test_enhanced_provider_profile.TestEnhancedProviderProfile" name="test_update_provider_service_areas" time="1.865" /><testcase classname="backend.tests.test_enhanced_provider_profile.TestEnhancedProviderProfile" name="test_update_provider_availability_shift_based" time="1.773" /><testcase classname="backend.tests.test_enhanced_provider_profile.TestEnhancedProviderProfile" name="test_availability_all_shifts_all_days" time="1.826" /><testcase classname="backend.tests.test_enhanced_provider_profile.TestEnhancedProviderProfile" name="test_update_provider_profile_image" time="1.806" /><testcase classname="backend.tests.test_enhanced_provider_profile.TestEnhancedProviderProfile" name="test_update_all_new_fields_at_once" time="1.757" /><testcase classname="backend.tests.test_enhanced_provider_profile.TestEnhancedProviderProfile" name="test_existing_provider_has_new_fields" time="1.365" /></testsuite></testsuites>