<?xml version="1.0" encoding="utf-8"?><testsuites name="pytest tests"><testsuite name="pytest" errors="0" failures="0" skipped="1" tests="12" time="6.421" timestamp="2026-02-18T23:20:24.578651+00:00" hostname="agent-env-3e43279e-9e72-46dd-8d71-bc481bccd211"><testcase classname="backend.tests.test_admin_reports.TestAdminReportsAPI" name="test_reports_requires_authentication" time="0.553" /><testcase classname="backend.tests.test_admin_reports.TestAdminReportsAPI" name="test_reports_requires_admin_role" time="0.914"><skipped type="pytest.skip" message="Could not create non-admin user for testing">/app/backend/tests/test_admin_reports.py:75: Could not create non-admin user for testing</skipped></testcase><testcase classname="backend.tests.test_admin_reports.TestAdminReportsAPI" name="test_reports_default_period" time="1.042" /><testcase classname="backend.tests.test_admin_reports.TestAdminReportsAPI" name="test_reports_summary_structure" time="0.369" /><testcase classname="backend.tests.test_admin_reports.TestAdminReportsAPI" name="test_reports_week_period" time="0.400" /><testcase classname="backend.tests.test_admin_reports.TestAdminReportsAPI" name="test_reports_month_period" time="0.373" /><testcase classname="backend.tests.test_admin_reports.TestAdminReportsAPI" name="test_reports_year_period" time="0.380" /><testcase classname="backend.tests.test_admin_reports.TestAdminReportsAPI" name="test_bookings_timeline_structure" time="0.379" /><testcase classname="backend.tests.test_admin_reports.TestAdminReportsAPI" name="test_status_distribution_structure" time="0.396" /><testcase classname="backend.tests.test_admin_reports.TestAdminReportsAPI" name="test_top_providers_structure" time="0.392" /><testcase classname="backend.tests.test_admin_reports.TestAdminReportsAPI" name="test_revenue_data_structure" time="0.370" /><testcase classname="backend.tests.test_admin_reports.TestAdminReportsAPI" name="test_data_consistency_across_periods" time="0.795" /></testsuite></testsuites>