<?xml version="1.0" encoding="utf-8"?><testsuites name="pytest tests"><testsuite name="pytest" errors="0" failures="0" skipped="0" tests="14" time="2.250" timestamp="2026-02-22T15:07:02.111958+00:00" hostname="agent-env-ff395cf7-73ce-4972-b5a2-2b5462df20a8"><testcase classname="tests.test_new_features.TestLandingPageAPIs" name="test_get_recommended_providers" time="0.178" /><testcase classname="tests.test_new_features.TestLandingPageAPIs" name="test_get_popular_services" time="0.108" /><testcase classname="tests.test_new_features.TestLandingPageAPIs" name="test_get_regions" time="0.111" /><testcase classname="tests.test_new_features.TestStaticPagesAPIs" name="test_public_settings" time="0.107" /><testcase classname="tests.test_new_features.TestContactForm" name="test_contact_form_submission" time="0.143" /><testcase classname="tests.test_new_features.TestContactForm" name="test_contact_form_validation" time="0.107" /><testcase classname="tests.test_new_features.TestAdminProviderEdit" name="test_admin_can_update_provider" time="0.728" /><testcase classname="tests.test_new_features.TestAdminProviderEdit" name="test_admin_can_verify_provider" time="0.092" /><testcase classname="tests.test_new_features.TestAdminProviderEdit" name="test_admin_can_recommend_provider" time="0.121" /><testcase classname="tests.test_new_features.TestAdminProviderEdit" name="test_admin_non_authenticated_rejected" time="0.088" /><testcase classname="tests.test_new_features.TestFrontendRoutes" name="test_about_page" time="0.093" /><testcase classname="tests.test_new_features.TestFrontendRoutes" name="test_privacy_page" time="0.079" /><testcase classname="tests.test_new_features.TestFrontendRoutes" name="test_terms_page" time="0.116" /><testcase classname="tests.test_new_features.TestFrontendRoutes" name="test_contact_page" time="0.111" /></testsuite></testsuites>