<?xml version="1.0" encoding="utf-8"?><testsuites name="pytest tests"><testsuite name="pytest" errors="0" failures="1" skipped="0" tests="19" time="21.612" timestamp="2026-02-24T20:14:41.786924+00:00" hostname="agent-env-a128b2fe-ef4e-4112-94be-0378565299f7"><testcase classname="backend.tests.test_booking_review_flow.TestAuthSetup" name="test_admin_login" time="1.086" /><testcase classname="backend.tests.test_booking_review_flow.TestAuthSetup" name="test_user_login" time="0.778" /><testcase classname="backend.tests.test_booking_review_flow.TestAuthSetup" name="test_provider_login" time="0.683" /><testcase classname="backend.tests.test_booking_review_flow.TestBookingStatusEndpoints" name="test_confirm_booking_endpoint" time="1.774" /><testcase classname="backend.tests.test_booking_review_flow.TestBookingStatusEndpoints" name="test_reject_booking_endpoint" time="1.112" /><testcase classname="backend.tests.test_booking_review_flow.TestBookingStatusEndpoints" name="test_hold_booking_endpoint" time="1.131" /><testcase classname="backend.tests.test_booking_review_flow.TestBookingStatusEndpoints" name="test_provider_complete_endpoint" time="1.158" /><testcase classname="backend.tests.test_booking_review_flow.TestClientConfirmEndpoint" name="test_client_confirm_endpoint" time="1.114" /><testcase classname="backend.tests.test_booking_review_flow.TestReviewEndpoints" name="test_create_review_endpoint" time="1.098" /><testcase classname="backend.tests.test_booking_review_flow.TestReviewEndpoints" name="test_admin_get_reviews_endpoint" time="1.221" /><testcase classname="backend.tests.test_booking_review_flow.TestReviewEndpoints" name="test_admin_get_reviews_with_pending_filter" time="1.247" /><testcase classname="backend.tests.test_booking_review_flow.TestReviewEndpoints" name="test_admin_get_reviews_with_approved_filter" time="1.099" /><testcase classname="backend.tests.test_booking_review_flow.TestReviewEndpoints" name="test_admin_get_reviews_with_rejected_filter" time="1.114" /><testcase classname="backend.tests.test_booking_review_flow.TestReviewEndpoints" name="test_admin_approve_review_endpoint" time="1.099" /><testcase classname="backend.tests.test_booking_review_flow.TestReviewEndpoints" name="test_admin_reject_review_endpoint" time="1.149"><failure message="AssertionError: Expected 404 for non-existent review: {&quot;message&quot;:&quot;Review rejected successfully&quot;}&#10;assert 200 == 404&#10; +  where 200 = &lt;Response [200]&gt;.status_code">backend/tests/test_booking_review_flow.py:165: in test_admin_reject_review_endpoint
    assert response.status_code == 404, f"Expected 404 for non-existent review: {response.text}"
E   AssertionError: Expected 404 for non-existent review: {"message":"Review rejected successfully"}
E   assert 200 == 404
E    +  where 200 = &lt;Response [200]&gt;.status_code</failure></testcase><testcase classname="backend.tests.test_booking_review_flow.TestFullBookingFlow" name="test_get_user_bookings" time="1.122" /><testcase classname="backend.tests.test_booking_review_flow.TestFullBookingFlow" name="test_get_provider_bookings" time="1.156" /><testcase classname="backend.tests.test_booking_review_flow.TestFullBookingFlow" name="test_booking_status_labels_exist" time="1.185" /><testcase classname="backend.tests.test_booking_review_flow.TestGetMyReviews" name="test_get_my_reviews" time="1.184" /></testsuite></testsuites>