<?xml version="1.0" encoding="utf-8"?><testsuites name="pytest tests"><testsuite name="pytest" errors="0" failures="0" skipped="0" tests="13" time="5.794" timestamp="2026-03-01T15:34:20.737523+00:00" hostname="agent-env-7475a4dc-a88a-4ab5-abdf-1ae7021702bb"><testcase classname="backend.tests.test_provider_location_search.TestProviderSearchVerificationFix" name="test_get_providers_returns_verified_providers" time="0.551" /><testcase classname="backend.tests.test_provider_location_search.TestProviderSearchByCity" name="test_search_by_city_tel_aviv" time="0.526" /><testcase classname="backend.tests.test_provider_location_search.TestProviderSearchByLocationRadius" name="test_search_by_location_returns_distance" time="0.414" /><testcase classname="backend.tests.test_provider_location_search.TestProviderSearchByLocationRadius" name="test_search_by_location_small_radius" time="0.411" /><testcase classname="backend.tests.test_provider_location_search.TestProviderSearchByLocationRadius" name="test_search_far_away_location_returns_zero" time="0.424" /><testcase classname="backend.tests.test_provider_location_search.TestLocalitiesEndpoint" name="test_get_localities_returns_list" time="0.403" /><testcase classname="backend.tests.test_provider_location_search.TestLocalitiesEndpoint" name="test_search_localities_hebrew" time="0.423" /><testcase classname="backend.tests.test_provider_location_search.TestLocalitiesEndpoint" name="test_search_localities_limit" time="0.420" /><testcase classname="backend.tests.test_provider_location_search.TestLocalityCoordsEndpoint" name="test_get_haifa_coords" time="0.410" /><testcase classname="backend.tests.test_provider_location_search.TestLocalityCoordsEndpoint" name="test_get_tel_aviv_coords" time="0.413" /><testcase classname="backend.tests.test_provider_location_search.TestLocalityCoordsEndpoint" name="test_get_nonexistent_city_returns_404" time="0.418" /><testcase classname="backend.tests.test_provider_location_search.TestVerifiedProviderWithCoordinates" name="test_verified_provider_appears_in_search" time="0.485" /><testcase classname="backend.tests.test_provider_location_search.TestProviderSearchFiltersApplied" name="test_filters_applied_in_response" time="0.442" /></testsuite></testsuites>