<?xml version="1.0" encoding="utf-8"?><testsuites name="pytest tests"><testsuite name="pytest" errors="0" failures="0" skipped="0" tests="16" time="7.581" timestamp="2026-03-02T16:05:18.718760+00:00" hostname="agent-env-7475a4dc-a88a-4ab5-abdf-1ae7021702bb"><testcase classname="backend.tests.test_notification_routing_user_settings.TestUserSettingsUpdate" name="test_update_user_first_name" time="0.876" /><testcase classname="backend.tests.test_notification_routing_user_settings.TestUserSettingsUpdate" name="test_update_user_last_name" time="0.542" /><testcase classname="backend.tests.test_notification_routing_user_settings.TestUserSettingsUpdate" name="test_update_user_phone" time="0.414" /><testcase classname="backend.tests.test_notification_routing_user_settings.TestUserSettingsUpdate" name="test_update_user_address" time="0.428" /><testcase classname="backend.tests.test_notification_routing_user_settings.TestUserSettingsUpdate" name="test_update_user_city" time="0.444" /><testcase classname="backend.tests.test_notification_routing_user_settings.TestUserSettingsUpdate" name="test_update_user_profile_image" time="0.429" /><testcase classname="backend.tests.test_notification_routing_user_settings.TestUserSettingsUpdate" name="test_update_user_profile_color" time="0.421" /><testcase classname="backend.tests.test_notification_routing_user_settings.TestUserSettingsUpdate" name="test_update_multiple_fields_at_once" time="0.404" /><testcase classname="backend.tests.test_notification_routing_user_settings.TestUserSettingsUpdate" name="test_update_returns_updated_user_object" time="0.433" /><testcase classname="backend.tests.test_notification_routing_user_settings.TestUserSettingsUpdate" name="test_update_name_auto_concat" time="0.445" /><testcase classname="backend.tests.test_notification_routing_user_settings.TestUserSettingsUpdate" name="test_update_rejects_invalid_fields" time="0.417" /><testcase classname="backend.tests.test_notification_routing_user_settings.TestNotificationEndpoints" name="test_get_notifications" time="0.507" /><testcase classname="backend.tests.test_notification_routing_user_settings.TestNotificationEndpoints" name="test_notifications_have_type_field" time="0.461" /><testcase classname="backend.tests.test_notification_routing_user_settings.TestNotificationEndpoints" name="test_notifications_have_data_field" time="0.420" /><testcase classname="backend.tests.test_notification_routing_user_settings.TestProviderUserSettings" name="test_provider_update_profile_color" time="0.426" /><testcase classname="backend.tests.test_notification_routing_user_settings.TestAdminUserSettings" name="test_admin_update_profile_color" time="0.429" /></testsuite></testsuites>