<?xml version="1.0" encoding="utf-8"?><testsuites name="pytest tests"><testsuite name="pytest" errors="0" failures="2" skipped="0" tests="17" time="2.012" timestamp="2026-02-23T20:29:18.837836+00:00" hostname="agent-env-f5ef336c-d170-4d33-8aea-1a5c5685a297"><testcase classname="tests.test_service_types_crud.TestPublicServiceTypes" name="test_get_service_types_returns_4_categories" time="0.267" /><testcase classname="tests.test_service_types_crud.TestPublicServiceTypes" name="test_service_types_have_required_fields" time="0.045" /><testcase classname="tests.test_service_types_crud.TestPublicDeliveryTypes" name="test_get_delivery_types_returns_4_methods" time="0.105" /><testcase classname="tests.test_service_types_crud.TestPublicDeliveryTypes" name="test_delivery_types_have_required_fields" time="0.044" /><testcase classname="tests.test_service_types_crud.TestAdminServiceTypesCRUD" name="test_admin_get_service_types" time="0.444" /><testcase classname="tests.test_service_types_crud.TestAdminServiceTypesCRUD" name="test_admin_add_service_type" time="0.045" /><testcase classname="tests.test_service_types_crud.TestAdminServiceTypesCRUD" name="test_admin_edit_service_type" time="0.060" /><testcase classname="tests.test_service_types_crud.TestAdminServiceTypesCRUD" name="test_admin_toggle_service_type_active" time="0.163" /><testcase classname="tests.test_service_types_crud.TestAdminServiceTypesCRUD" name="test_admin_delete_service_type" time="0.108" /><testcase classname="tests.test_service_types_crud.TestAdminDeliveryTypesCRUD" name="test_admin_get_delivery_types" time="0.057" /><testcase classname="tests.test_service_types_crud.TestAdminDeliveryTypesCRUD" name="test_admin_add_delivery_type" time="0.047" /><testcase classname="tests.test_service_types_crud.TestAdminDeliveryTypesCRUD" name="test_admin_edit_delivery_type" time="0.049" /><testcase classname="tests.test_service_types_crud.TestAdminDeliveryTypesCRUD" name="test_admin_toggle_delivery_type_active" time="0.200" /><testcase classname="tests.test_service_types_crud.TestAdminDeliveryTypesCRUD" name="test_admin_delete_delivery_type" time="0.087" /><testcase classname="tests.test_service_types_crud.TestAuthorizationRequired" name="test_admin_service_types_requires_auth" time="0.040"><failure message="AssertionError: Expected 401, got 200&#10;assert 200 == 401&#10; +  where 200 = &lt;Response [200]&gt;.status_code">tests/test_service_types_crud.py:330: in test_admin_service_types_requires_auth
    assert response.status_code == 401, f"Expected 401, got {response.status_code}"
E   AssertionError: Expected 401, got 200
E   assert 200 == 401
E    +  where 200 = &lt;Response [200]&gt;.status_code</failure></testcase><testcase classname="tests.test_service_types_crud.TestAuthorizationRequired" name="test_admin_delivery_types_requires_auth" time="0.045"><failure message="AssertionError: Expected 401, got 200&#10;assert 200 == 401&#10; +  where 200 = &lt;Response [200]&gt;.status_code">tests/test_service_types_crud.py:336: in test_admin_delivery_types_requires_auth
    assert response.status_code == 401, f"Expected 401, got {response.status_code}"
E   AssertionError: Expected 401, got 200
E   assert 200 == 401
E    +  where 200 = &lt;Response [200]&gt;.status_code</failure></testcase><testcase classname="tests.test_service_types_crud.TestServiceModelFields" name="test_service_model_has_pricing_fields" time="0.088" /></testsuite></testsuites>