<?xml version="1.0" encoding="utf-8"?><testsuites name="pytest tests"><testsuite name="pytest" errors="0" failures="0" skipped="0" tests="11" time="16.022" timestamp="2026-02-23T15:24:51.087307+00:00" hostname="agent-env-f5ef336c-d170-4d33-8aea-1a5c5685a297"><testcase classname="backend.tests.test_admin_regions.TestRegionsAPI" name="test_01_get_regions_public_api" time="1.108" /><testcase classname="backend.tests.test_admin_regions.TestRegionsAPI" name="test_02_regions_have_city_objects_with_coordinates" time="0.973" /><testcase classname="backend.tests.test_admin_regions.TestRegionsAPI" name="test_03_region_has_hebrew_and_english_names" time="1.054" /><testcase classname="backend.tests.test_admin_regions.TestRegionsAPI" name="test_04_admin_create_region" time="1.350" /><testcase classname="backend.tests.test_admin_regions.TestRegionsAPI" name="test_05_admin_edit_region" time="2.052" /><testcase classname="backend.tests.test_admin_regions.TestRegionsAPI" name="test_06_admin_add_city_to_region_with_coordinates" time="2.194" /><testcase classname="backend.tests.test_admin_regions.TestRegionsAPI" name="test_07_admin_delete_city_from_region" time="2.442" /><testcase classname="backend.tests.test_admin_regions.TestRegionsAPI" name="test_08_admin_delete_region" time="1.699" /><testcase classname="backend.tests.test_admin_regions.TestRegionsAPI" name="test_09_non_admin_cannot_create_region" time="1.056" /><testcase classname="backend.tests.test_admin_regions.TestRegionsAPI" name="test_10_providers_search_with_coordinates" time="0.995" /><testcase classname="backend.tests.test_admin_regions.TestRegionsAPI" name="test_11_verify_101_cities_exist" time="1.046" /></testsuite></testsuites>