<?xml version="1.0" encoding="utf-8"?><testsuites name="pytest tests"><testsuite name="pytest" errors="0" failures="0" skipped="0" tests="15" time="27.180" timestamp="2026-02-25T22:27:46.039486+00:00" hostname="agent-env-5862a387-1014-4825-a632-6f3ee9eb2655"><testcase classname="backend.tests.test_booking_change_request.TestBookingDetailsEndpoint" name="test_provider_can_get_booking_details" time="1.964" /><testcase classname="backend.tests.test_booking_change_request.TestBookingDetailsEndpoint" name="test_user_can_get_own_booking_details" time="1.621" /><testcase classname="backend.tests.test_booking_change_request.TestBookingDetailsEndpoint" name="test_unauthorized_user_cannot_get_others_booking" time="1.059" /><testcase classname="backend.tests.test_booking_change_request.TestBookingDetailsEndpoint" name="test_booking_details_includes_change_requests" time="1.105" /><testcase classname="backend.tests.test_booking_change_request.TestProviderRequestChangeEndpoint" name="test_provider_can_request_date_change" time="1.982" /><testcase classname="backend.tests.test_booking_change_request.TestProviderRequestChangeEndpoint" name="test_provider_can_request_time_change" time="2.208" /><testcase classname="backend.tests.test_booking_change_request.TestProviderRequestChangeEndpoint" name="test_provider_can_request_both_date_and_time_change" time="2.060" /><testcase classname="backend.tests.test_booking_change_request.TestProviderRequestChangeEndpoint" name="test_request_change_fails_without_date_or_time" time="1.200" /><testcase classname="backend.tests.test_booking_change_request.TestProviderRequestChangeEndpoint" name="test_user_cannot_request_change" time="1.096" /><testcase classname="backend.tests.test_booking_change_request.TestUserRespondChangeEndpoint" name="test_user_can_approve_change_request" time="3.204" /><testcase classname="backend.tests.test_booking_change_request.TestUserRespondChangeEndpoint" name="test_user_can_reject_change_request" time="3.257" /><testcase classname="backend.tests.test_booking_change_request.TestUserRespondChangeEndpoint" name="test_respond_change_fails_invalid_action" time="1.075" /><testcase classname="backend.tests.test_booking_change_request.TestUserRespondChangeEndpoint" name="test_provider_cannot_respond_to_change" time="3.045" /><testcase classname="backend.tests.test_booking_change_request.TestBookingEndpointsIntegration" name="test_provider_booking_workflow" time="1.115" /><testcase classname="backend.tests.test_booking_change_request.TestBookingEndpointsIntegration" name="test_user_booking_workflow" time="1.119" /></testsuite></testsuites>