<?xml version="1.0" encoding="utf-8"?><testsuites name="pytest tests"><testsuite name="pytest" errors="0" failures="0" skipped="0" tests="14" time="17.999" timestamp="2026-02-18T22:58:56.922088+00:00" hostname="agent-env-3e43279e-9e72-46dd-8d71-bc481bccd211"><testcase classname="backend.tests.test_admin_apis.TestAdminAPIs" name="test_admin_stats_requires_auth" time="0.570" /><testcase classname="backend.tests.test_admin_apis.TestAdminAPIs" name="test_admin_stats_with_auth" time="1.082" /><testcase classname="backend.tests.test_admin_apis.TestAdminAPIs" name="test_admin_settings_get" time="1.001" /><testcase classname="backend.tests.test_admin_apis.TestAdminAPIs" name="test_admin_settings_update" time="1.380" /><testcase classname="backend.tests.test_admin_apis.TestAdminAPIs" name="test_admin_professions_get" time="1.033" /><testcase classname="backend.tests.test_admin_apis.TestAdminAPIs" name="test_admin_professions_crud" time="1.364" /><testcase classname="backend.tests.test_admin_apis.TestAdminAPIs" name="test_admin_users_list" time="0.975" /><testcase classname="backend.tests.test_admin_apis.TestAdminAPIs" name="test_admin_users_filter_by_role" time="0.989" /><testcase classname="backend.tests.test_admin_apis.TestAdminAPIs" name="test_admin_bookings_list" time="1.042" /><testcase classname="backend.tests.test_admin_apis.TestAdminAPIs" name="test_admin_bookings_filter_by_status" time="0.976" /><testcase classname="backend.tests.test_admin_apis.TestAdminAPIs" name="test_admin_ads_crud" time="2.112" /><testcase classname="backend.tests.test_admin_apis.TestAdminAPIs" name="test_admin_blog_crud" time="2.089" /><testcase classname="backend.tests.test_admin_apis.TestAdminAPIs" name="test_admin_pages_crud" time="2.304" /><testcase classname="backend.tests.test_admin_apis.TestAdminAPIs" name="test_admin_featured_providers_get" time="1.012" /></testsuite></testsuites>