<?xml version="1.0" encoding="utf-8"?><testsuites name="pytest tests"><testsuite name="pytest" errors="0" failures="0" skipped="0" tests="12" time="31.929" timestamp="2026-02-25T22:43:47.862585+00:00" hostname="agent-env-5862a387-1014-4825-a632-6f3ee9eb2655"><testcase classname="tests.test_notification_system.TestNotificationEndpoints" name="test_01_get_notifications_returns_correct_structure" time="2.354" /><testcase classname="tests.test_notification_system.TestNotificationEndpoints" name="test_02_notification_has_required_fields" time="1.827" /><testcase classname="tests.test_notification_system.TestNotificationEndpoints" name="test_03_booking_change_requested_notification_type" time="1.816" /><testcase classname="tests.test_notification_system.TestNotificationEndpoints" name="test_04_mark_all_notifications_as_read" time="2.747" /><testcase classname="tests.test_notification_system.TestNotificationEndpoints" name="test_05_provider_change_request_creates_notification" time="6.363" /><testcase classname="tests.test_notification_system.TestNotificationEndpoints" name="test_06_mark_single_notification_as_read" time="2.669" /><testcase classname="tests.test_notification_system.TestNotificationEndpoints" name="test_07_delete_notification" time="5.118" /><testcase classname="tests.test_notification_system.TestNotificationEndpoints" name="test_08_unread_only_filter" time="3.111" /><testcase classname="tests.test_notification_system.TestNotificationEndpoints" name="test_09_notification_types_in_models" time="1.798" /><testcase classname="tests.test_notification_system.TestNotificationEndpoints" name="test_10_provider_complete_creates_notification" time="3.247" /><testcase classname="tests.test_notification_system.TestNotificationAuthentication" name="test_notifications_require_auth" time="0.408" /><testcase classname="tests.test_notification_system.TestNotificationAuthentication" name="test_mark_read_requires_auth" time="0.403" /></testsuite></testsuites>