<?xml version="1.0" encoding="utf-8"?><testsuites name="pytest tests"><testsuite name="pytest" errors="0" failures="4" skipped="0" tests="20" time="17.805" timestamp="2026-03-04T09:46:40.061883+00:00" hostname="agent-env-d948e052-02fd-4793-8d73-29caa4697a38"><testcase classname="backend.tests.test_admin_panel.TestAdminAuth" name="test_admin_login" time="1.072" /><testcase classname="backend.tests.test_admin_panel.TestAdminAuth" name="test_user_login" time="0.637"><failure message="assert 401 == 200&#10; +  where 401 = &lt;Response [401]&gt;.status_code">backend/tests/test_admin_panel.py:50: in test_user_login
    assert response.status_code == 200
E   assert 401 == 200
E    +  where 401 = &lt;Response [401]&gt;.status_code</failure></testcase><testcase classname="backend.tests.test_admin_panel.TestAdminStats" name="test_admin_stats" time="1.369" /><testcase classname="backend.tests.test_admin_panel.TestAdminReviews" name="test_get_all_reviews" time="1.133" /><testcase classname="backend.tests.test_admin_panel.TestAdminReviews" name="test_get_pending_reviews" time="0.446" /><testcase classname="backend.tests.test_admin_panel.TestAdminReviews" name="test_get_approved_reviews" time="0.449" /><testcase classname="backend.tests.test_admin_panel.TestAdminReviews" name="test_get_rejected_reviews" time="0.471" /><testcase classname="backend.tests.test_admin_panel.TestAdminSubscriptions" name="test_get_subscription_plans_public" time="0.467" /><testcase classname="backend.tests.test_admin_panel.TestAdminSubscriptions" name="test_get_admin_subscriptions" time="1.298" /><testcase classname="backend.tests.test_admin_panel.TestAdminSettings" name="test_get_admin_settings" time="1.108" /><testcase classname="backend.tests.test_admin_panel.TestAdminSettings" name="test_save_admin_settings" time="0.904" /><testcase classname="backend.tests.test_admin_panel.TestAdminUsers" name="test_get_admin_users" time="1.143" /><testcase classname="backend.tests.test_admin_panel.TestAdminUsers" name="test_filter_users_by_role" time="0.484" /><testcase classname="backend.tests.test_admin_panel.TestAdminBookings" name="test_get_admin_bookings" time="1.165" /><testcase classname="backend.tests.test_admin_panel.TestAdminBookings" name="test_filter_bookings_by_status" time="1.907" /><testcase classname="backend.tests.test_admin_panel.TestAdminProviders" name="test_get_admin_providers" time="1.147" /><testcase classname="backend.tests.test_admin_panel.TestAdminProviders" name="test_get_pending_providers" time="0.446"><failure message="assert 404 == 200&#10; +  where 404 = &lt;Response [404]&gt;.status_code">backend/tests/test_admin_panel.py:343: in test_get_pending_providers
    assert response.status_code == 200
E   assert 404 == 200
E    +  where 404 = &lt;Response [404]&gt;.status_code</failure></testcase><testcase classname="backend.tests.test_admin_panel.TestAdminProviders" name="test_filter_providers_by_status" time="0.497" /><testcase classname="backend.tests.test_admin_panel.TestAdminUnauthorized" name="test_user_cannot_access_admin_stats" time="1.111"><failure message="assert 401 == 403&#10; +  where 401 = &lt;Response [401]&gt;.status_code">backend/tests/test_admin_panel.py:380: in test_user_cannot_access_admin_stats
    assert response.status_code == 403
E   assert 401 == 403
E    +  where 401 = &lt;Response [401]&gt;.status_code</failure></testcase><testcase classname="backend.tests.test_admin_panel.TestAdminUnauthorized" name="test_user_cannot_access_admin_users" time="0.434"><failure message="assert 401 == 403&#10; +  where 401 = &lt;Response [401]&gt;.status_code">backend/tests/test_admin_panel.py:389: in test_user_cannot_access_admin_users
    assert response.status_code == 403
E   assert 401 == 403
E    +  where 401 = &lt;Response [401]&gt;.status_code</failure></testcase></testsuite></testsuites>