<?xml version="1.0" encoding="utf-8"?><testsuites name="pytest tests"><testsuite name="pytest" errors="0" failures="0" skipped="0" tests="16" time="4.441" timestamp="2026-03-02T23:31:52.235158+00:00" hostname="agent-env-7475a4dc-a88a-4ab5-abdf-1ae7021702bb"><testcase classname="backend.tests.test_chat_archive_delete.TestChatRoomBasics" name="test_get_active_chat_rooms" time="0.724" /><testcase classname="backend.tests.test_chat_archive_delete.TestChatRoomBasics" name="test_get_archived_chat_rooms" time="0.123" /><testcase classname="backend.tests.test_chat_archive_delete.TestChatRoomBasics" name="test_chat_rooms_unauthorized" time="0.080" /><testcase classname="backend.tests.test_chat_archive_delete.TestChatRoomArchive" name="test_archive_chat_room" time="0.671" /><testcase classname="backend.tests.test_chat_archive_delete.TestChatRoomArchive" name="test_archived_room_in_archived_list" time="0.183" /><testcase classname="backend.tests.test_chat_archive_delete.TestChatRoomArchive" name="test_archived_room_not_in_active_list" time="0.139" /><testcase classname="backend.tests.test_chat_archive_delete.TestChatRoomArchive" name="test_archive_nonexistent_room" time="0.113" /><testcase classname="backend.tests.test_chat_archive_delete.TestChatRoomUnarchive" name="test_unarchive_chat_room" time="0.602" /><testcase classname="backend.tests.test_chat_archive_delete.TestChatRoomUnarchive" name="test_unarchived_room_in_active_list" time="0.162" /><testcase classname="backend.tests.test_chat_archive_delete.TestChatRoomUnarchive" name="test_unarchived_room_not_in_archived_list" time="0.124" /><testcase classname="backend.tests.test_chat_archive_delete.TestChatRoomUnarchive" name="test_unarchive_nonexistent_room" time="0.120" /><testcase classname="backend.tests.test_chat_archive_delete.TestChatRoomDelete" name="test_delete_nonexistent_room" time="0.442" /><testcase classname="backend.tests.test_chat_archive_delete.TestChatRoomDelete" name="test_delete_unauthorized" time="0.085" /><testcase classname="backend.tests.test_chat_archive_delete.TestChatRoomWithDetails" name="test_chat_room_has_other_user_info" time="0.492" /><testcase classname="backend.tests.test_chat_archive_delete.TestChatRoomWithDetails" name="test_chat_room_has_last_message" time="0.152" /><testcase classname="backend.tests.test_chat_archive_delete.TestChatRoomWithDetails" name="test_chat_room_has_unread_count" time="0.150" /></testsuite></testsuites>