<?xml version="1.0" encoding="utf-8"?><testsuites name="pytest tests"><testsuite name="pytest" errors="0" failures="1" skipped="0" tests="12" time="33.929" timestamp="2026-02-25T21:31:11.606216+00:00" hostname="agent-env-4afb9aae-809a-47cb-849c-5688493f2313"><testcase classname="backend.tests.test_booking_model_v2.TestBookingModelV2" name="test_virtual_booking_with_zoom_platform" time="3.168" /><testcase classname="backend.tests.test_booking_model_v2.TestBookingModelV2" name="test_virtual_booking_with_whatsapp_platform" time="6.530" /><testcase classname="backend.tests.test_booking_model_v2.TestBookingModelV2" name="test_home_booking_with_service_address" time="3.849" /><testcase classname="backend.tests.test_booking_model_v2.TestBookingModelV2" name="test_hourly_booking_with_shift_and_hours" time="3.693" /><testcase classname="backend.tests.test_booking_model_v2.TestBookingModelV2" name="test_hourly_booking_with_custom_hours" time="3.316" /><testcase classname="backend.tests.test_booking_model_v2.TestBookingModelV2" name="test_hospital_delivery_booking" time="2.740" /><testcase classname="backend.tests.test_booking_model_v2.TestBookingModelV2" name="test_booking_with_total_price" time="6.743" /><testcase classname="backend.tests.test_booking_model_v2.TestBookingModelV2" name="test_get_my_bookings_shows_new_fields" time="0.468"><failure message="AttributeError: 'NoneType' object has no attribute 'startswith'">backend/tests/test_booking_model_v2.py:255: in test_get_my_bookings_shows_new_fields
    test_bookings = [b for b in bookings if b.get("notes", "").startswith("TEST_")]
                    ^^^^^^^^^^^^^^^^^^^^^^^^^^^^^^^^^^^^^^^^^^^^^^^^^^^^^^^^^^^^^^^
backend/tests/test_booking_model_v2.py:255: in &lt;listcomp&gt;
    test_bookings = [b for b in bookings if b.get("notes", "").startswith("TEST_")]
                                            ^^^^^^^^^^^^^^^^^^^^^^^^^^^^^
E   AttributeError: 'NoneType' object has no attribute 'startswith'</failure></testcase><testcase classname="backend.tests.test_booking_model_v2.TestServiceCategoriesAndDeliveryTypes" name="test_visit_service_with_multi_delivery" time="0.202" /><testcase classname="backend.tests.test_booking_model_v2.TestServiceCategoriesAndDeliveryTypes" name="test_hourly_service_with_hospital_delivery" time="0.151" /><testcase classname="backend.tests.test_booking_model_v2.TestServiceCategoriesAndDeliveryTypes" name="test_virtual_consultation_service" time="0.128" /><testcase classname="backend.tests.test_booking_model_v2.TestBookingWithContact" name="test_booking_with_contact_person" time="2.840" /></testsuite></testsuites>