<?xml version="1.0" encoding="utf-8"?><testsuites name="pytest tests"><testsuite name="pytest" errors="0" failures="10" skipped="0" tests="15" time="11.571" timestamp="2026-02-25T22:26:36.249085+00:00" hostname="agent-env-5862a387-1014-4825-a632-6f3ee9eb2655"><testcase classname="backend.tests.test_booking_change_request.TestBookingDetailsEndpoint" name="test_provider_can_get_booking_details" time="1.020"><failure message="AssertionError: Provider authentication failed&#10;assert None">backend/tests/test_booking_change_request.py:48: in test_provider_can_get_booking_details
    assert token, "Provider authentication failed"
E   AssertionError: Provider authentication failed
E   assert None</failure></testcase><testcase classname="backend.tests.test_booking_change_request.TestBookingDetailsEndpoint" name="test_user_can_get_own_booking_details" time="0.769"><failure message="AssertionError: User authentication failed&#10;assert None">backend/tests/test_booking_change_request.py:81: in test_user_can_get_own_booking_details
    assert token, "User authentication failed"
E   AssertionError: User authentication failed
E   assert None</failure></testcase><testcase classname="backend.tests.test_booking_change_request.TestBookingDetailsEndpoint" name="test_unauthorized_user_cannot_get_others_booking" time="0.674"><failure message="AssertionError: User authentication failed&#10;assert None">backend/tests/test_booking_change_request.py:104: in test_unauthorized_user_cannot_get_others_booking
    assert token, "User authentication failed"
E   AssertionError: User authentication failed
E   assert None</failure></testcase><testcase classname="backend.tests.test_booking_change_request.TestBookingDetailsEndpoint" name="test_booking_details_includes_change_requests" time="0.649"><failure message="AssertionError: Provider authentication failed&#10;assert None">backend/tests/test_booking_change_request.py:117: in test_booking_details_includes_change_requests
    assert token, "Provider authentication failed"
E   AssertionError: Provider authentication failed
E   assert None</failure></testcase><testcase classname="backend.tests.test_booking_change_request.TestProviderRequestChangeEndpoint" name="test_provider_can_request_date_change" time="0.645"><failure message="AssertionError: Provider authentication failed&#10;assert None">backend/tests/test_booking_change_request.py:166: in test_provider_can_request_date_change
    assert token, "Provider authentication failed"
E   AssertionError: Provider authentication failed
E   assert None</failure></testcase><testcase classname="backend.tests.test_booking_change_request.TestProviderRequestChangeEndpoint" name="test_provider_can_request_time_change" time="0.724"><failure message="AssertionError: Provider authentication failed&#10;assert None">backend/tests/test_booking_change_request.py:193: in test_provider_can_request_time_change
    assert token, "Provider authentication failed"
E   AssertionError: Provider authentication failed
E   assert None</failure></testcase><testcase classname="backend.tests.test_booking_change_request.TestProviderRequestChangeEndpoint" name="test_provider_can_request_both_date_and_time_change" time="0.693"><failure message="AssertionError: Provider authentication failed&#10;assert None">backend/tests/test_booking_change_request.py:216: in test_provider_can_request_both_date_and_time_change
    assert token, "Provider authentication failed"
E   AssertionError: Provider authentication failed
E   assert None</failure></testcase><testcase classname="backend.tests.test_booking_change_request.TestProviderRequestChangeEndpoint" name="test_request_change_fails_without_date_or_time" time="0.678"><failure message="AssertionError: Provider authentication failed&#10;assert None">backend/tests/test_booking_change_request.py:241: in test_request_change_fails_without_date_or_time
    assert token, "Provider authentication failed"
E   AssertionError: Provider authentication failed
E   assert None</failure></testcase><testcase classname="backend.tests.test_booking_change_request.TestProviderRequestChangeEndpoint" name="test_user_cannot_request_change" time="0.680"><failure message="AssertionError: User authentication failed&#10;assert None">backend/tests/test_booking_change_request.py:259: in test_user_cannot_request_change
    assert token, "User authentication failed"
E   AssertionError: User authentication failed
E   assert None</failure></testcase><testcase classname="backend.tests.test_booking_change_request.TestUserRespondChangeEndpoint" name="test_user_can_approve_change_request" time="0.671" /><testcase classname="backend.tests.test_booking_change_request.TestUserRespondChangeEndpoint" name="test_user_can_reject_change_request" time="0.707" /><testcase classname="backend.tests.test_booking_change_request.TestUserRespondChangeEndpoint" name="test_respond_change_fails_invalid_action" time="0.663"><failure message="AssertionError: User authentication failed&#10;assert None">backend/tests/test_booking_change_request.py:396: in test_respond_change_fails_invalid_action
    assert token, "User authentication failed"
E   AssertionError: User authentication failed
E   assert None</failure></testcase><testcase classname="backend.tests.test_booking_change_request.TestUserRespondChangeEndpoint" name="test_provider_cannot_respond_to_change" time="0.639" /><testcase classname="backend.tests.test_booking_change_request.TestBookingEndpointsIntegration" name="test_provider_booking_workflow" time="1.099" /><testcase classname="backend.tests.test_booking_change_request.TestBookingEndpointsIntegration" name="test_user_booking_workflow" time="1.107" /></testsuite></testsuites>