<?xml version="1.0" encoding="utf-8"?><testsuites name="pytest tests"><testsuite name="pytest" errors="0" failures="0" skipped="0" tests="13" time="15.844" timestamp="2026-02-22T22:40:39.339957+00:00" hostname="agent-env-76fc42a3-9b8d-4723-8f61-c57f9726cc82"><testcase classname="tests.test_dashboard_features.TestUserAuth" name="test_user_login" time="0.833" /><testcase classname="tests.test_dashboard_features.TestUserSettingsUpdate" name="test_update_first_and_last_name" time="1.142" /><testcase classname="tests.test_dashboard_features.TestUserSettingsUpdate" name="test_update_phone_city_address" time="1.038" /><testcase classname="tests.test_dashboard_features.TestUserSettingsUpdate" name="test_update_profile_image_url" time="1.008" /><testcase classname="tests.test_dashboard_features.TestUserSettingsUpdate" name="test_delete_profile_image" time="1.052" /><testcase classname="tests.test_dashboard_features.TestUserSettingsUpdate" name="test_verify_user_data_persistence" time="1.462" /><testcase classname="tests.test_dashboard_features.TestPasswordChange" name="test_change_password_missing_fields" time="1.011" /><testcase classname="tests.test_dashboard_features.TestPasswordChange" name="test_change_password_short_password" time="1.012" /><testcase classname="tests.test_dashboard_features.TestPasswordChange" name="test_change_password_wrong_current" time="1.233" /><testcase classname="tests.test_dashboard_features.TestPasswordChange" name="test_change_password_success" time="2.931" /><testcase classname="tests.test_dashboard_features.TestMyReviews" name="test_get_my_reviews" time="1.016" /><testcase classname="tests.test_dashboard_features.TestMyBookings" name="test_get_my_bookings" time="0.991" /><testcase classname="tests.test_dashboard_features.TestUserNumber" name="test_user_has_user_number" time="1.038" /></testsuite></testsuites>