<?xml version="1.0" encoding="utf-8"?><testsuites name="pytest tests"><testsuite name="pytest" errors="0" failures="0" skipped="0" tests="28" time="25.658" timestamp="2026-02-24T21:15:35.483161+00:00" hostname="agent-env-a128b2fe-ef4e-4112-94be-0378565299f7"><testcase classname="backend.tests.test_subscription_tiers.TestSubscriptionPlans" name="test_get_subscription_plans_returns_three_plans" time="0.630" /><testcase classname="backend.tests.test_subscription_tiers.TestSubscriptionPlans" name="test_subscription_plans_correct_prices" time="0.445" /><testcase classname="backend.tests.test_subscription_tiers.TestSubscriptionPlans" name="test_subscription_plans_features" time="0.541" /><testcase classname="backend.tests.test_subscription_tiers.TestMySubscription" name="test_get_my_subscription_requires_auth" time="0.436" /><testcase classname="backend.tests.test_subscription_tiers.TestMySubscription" name="test_get_my_subscription" time="1.087" /><testcase classname="backend.tests.test_subscription_tiers.TestUpgradeSubscription" name="test_upgrade_subscription_requires_auth" time="0.397" /><testcase classname="backend.tests.test_subscription_tiers.TestUpgradeSubscription" name="test_upgrade_to_pro" time="1.580" /><testcase classname="backend.tests.test_subscription_tiers.TestUpgradeSubscription" name="test_upgrade_to_gold" time="0.470" /><testcase classname="backend.tests.test_subscription_tiers.TestUpgradeSubscription" name="test_upgrade_invalid_plan" time="0.398" /><testcase classname="backend.tests.test_subscription_tiers.TestCancelSubscription" name="test_cancel_subscription_requires_auth" time="0.448" /><testcase classname="backend.tests.test_subscription_tiers.TestCancelSubscription" name="test_cancel_subscription_resets_to_free" time="1.968" /><testcase classname="backend.tests.test_subscription_tiers.TestClinicsForProPlus" name="test_clinics_requires_auth" time="0.449" /><testcase classname="backend.tests.test_subscription_tiers.TestClinicsForProPlus" name="test_clinics_forbidden_for_free_tier" time="1.467" /><testcase classname="backend.tests.test_subscription_tiers.TestClinicsForProPlus" name="test_create_clinic_forbidden_for_free_tier" time="0.814" /><testcase classname="backend.tests.test_subscription_tiers.TestClinicsForProPlus" name="test_create_clinic_allowed_for_pro" time="0.900" /><testcase classname="backend.tests.test_subscription_tiers.TestClinicsForProPlus" name="test_get_clinics_for_pro" time="0.856" /><testcase classname="backend.tests.test_subscription_tiers.TestTeamForGold" name="test_team_requires_auth" time="0.431" /><testcase classname="backend.tests.test_subscription_tiers.TestTeamForGold" name="test_team_forbidden_for_free_tier" time="1.538" /><testcase classname="backend.tests.test_subscription_tiers.TestTeamForGold" name="test_team_forbidden_for_pro_tier" time="0.852" /><testcase classname="backend.tests.test_subscription_tiers.TestTeamForGold" name="test_create_team_member_forbidden_for_non_gold" time="0.877" /><testcase classname="backend.tests.test_subscription_tiers.TestTeamForGold" name="test_create_team_member_allowed_for_gold" time="0.886" /><testcase classname="backend.tests.test_subscription_tiers.TestTeamForGold" name="test_get_team_for_gold" time="0.866" /><testcase classname="backend.tests.test_subscription_tiers.TestServiceCreationLimit" name="test_service_limit_enforced_for_free_tier" time="1.535" /><testcase classname="backend.tests.test_subscription_tiers.TestServiceCreationLimit" name="test_service_creation_allowed_for_pro" time="0.878" /><testcase classname="backend.tests.test_subscription_tiers.TestAdminPlanManagement" name="test_admin_update_plan_requires_admin" time="1.025" /><testcase classname="backend.tests.test_subscription_tiers.TestAdminPlanManagement" name="test_admin_update_plan_success" time="2.292" /><testcase classname="backend.tests.test_subscription_tiers.TestAdminPlanManagement" name="test_admin_update_plan_invalid_id" time="0.388" /><testcase classname="backend.tests.test_subscription_tiers.TestCleanup" name="test_cleanup_and_reset_provider" time="1.106" /></testsuite></testsuites>