<?xml version="1.0" encoding="utf-8"?><testsuites name="pytest tests"><testsuite name="pytest" errors="0" failures="0" skipped="0" tests="17" time="21.009" timestamp="2026-02-23T15:09:15.940807+00:00" hostname="agent-env-f5ef336c-d170-4d33-8aea-1a5c5685a297"><testcase classname="tests.test_admin_professions.TestAdminProfessionsAPI" name="test_01_admin_login" time="1.305" /><testcase classname="tests.test_admin_professions.TestAdminProfessionsAPI" name="test_02_get_professions_list" time="1.045" /><testcase classname="tests.test_admin_professions.TestAdminProfessionsAPI" name="test_03_create_profession" time="1.043" /><testcase classname="tests.test_admin_professions.TestAdminProfessionsAPI" name="test_04_get_profession_after_create" time="1.044" /><testcase classname="tests.test_admin_professions.TestAdminProfessionsAPI" name="test_05_edit_profession" time="1.494" /><testcase classname="tests.test_admin_professions.TestAdminProfessionsAPI" name="test_06_add_sub_profession" time="1.038" /><testcase classname="tests.test_admin_professions.TestAdminProfessionsAPI" name="test_07_edit_sub_profession" time="1.500" /><testcase classname="tests.test_admin_professions.TestAdminProfessionsAPI" name="test_08_add_category" time="1.004" /><testcase classname="tests.test_admin_professions.TestAdminProfessionsAPI" name="test_09_verify_hierarchy" time="1.065" /><testcase classname="tests.test_admin_professions.TestAdminProfessionsAPI" name="test_10_public_api_professions" time="1.034" /><testcase classname="tests.test_admin_professions.TestAdminProfessionsAPI" name="test_11_delete_category" time="1.561" /><testcase classname="tests.test_admin_professions.TestAdminProfessionsAPI" name="test_12_delete_sub_profession" time="1.411" /><testcase classname="tests.test_admin_professions.TestAdminProfessionsAPI" name="test_13_delete_profession" time="1.577" /><testcase classname="tests.test_admin_professions.TestAdminProfessionsAPI" name="test_14_non_admin_cannot_access" time="1.642" /><testcase classname="tests.test_admin_professions.TestProfessionEdgeCases" name="test_delete_nonexistent_profession" time="1.032" /><testcase classname="tests.test_admin_professions.TestProfessionEdgeCases" name="test_edit_nonexistent_profession" time="1.049" /><testcase classname="tests.test_admin_professions.TestProfessionEdgeCases" name="test_add_sub_to_nonexistent_profession" time="1.078" /></testsuite></testsuites>