<?xml version="1.0" encoding="utf-8"?><testsuites name="pytest tests"><testsuite name="pytest" errors="0" failures="0" skipped="0" tests="11" time="13.431" timestamp="2026-02-24T22:17:20.387299+00:00" hostname="agent-env-4afb9aae-809a-47cb-849c-5688493f2313"><testcase classname="tests.test_booking_chat_p0_bugs.TestAuthentication" name="test_user_login" time="0.701" /><testcase classname="tests.test_booking_chat_p0_bugs.TestAuthentication" name="test_provider_login" time="0.675" /><testcase classname="tests.test_booking_chat_p0_bugs.TestBookingFlowP0Fix" name="test_get_service_details" time="1.143" /><testcase classname="tests.test_booking_chat_p0_bugs.TestBookingFlowP0Fix" name="test_booking_with_flat_fields" time="0.918" /><testcase classname="tests.test_booking_chat_p0_bugs.TestBookingFlowP0Fix" name="test_booking_skip_time_selection" time="4.196" /><testcase classname="tests.test_booking_chat_p0_bugs.TestChatFlowP0Fix" name="test_get_chat_rooms_as_user" time="1.186" /><testcase classname="tests.test_booking_chat_p0_bugs.TestChatFlowP0Fix" name="test_get_chat_rooms_as_provider" time="1.134" /><testcase classname="tests.test_booking_chat_p0_bugs.TestChatFlowP0Fix" name="test_send_and_receive_message" time="1.459" /><testcase classname="tests.test_booking_chat_p0_bugs.TestChatFlowP0Fix" name="test_chat_room_with_specific_room_id" time="0.498" /><testcase classname="tests.test_booking_chat_p0_bugs.TestServiceEndpoints" name="test_get_services_list" time="0.468" /><testcase classname="tests.test_booking_chat_p0_bugs.TestServiceEndpoints" name="test_get_provider_details" time="0.929" /></testsuite></testsuites>