<?xml version="1.0" encoding="utf-8"?><testsuites name="pytest tests"><testsuite name="pytest" errors="0" failures="0" skipped="0" tests="9" time="11.022" timestamp="2026-03-09T01:30:04.252483+00:00" hostname="agent-env-d948e052-02fd-4793-8d73-29caa4697a38"><testcase classname="backend.tests.test_email_verification.TestRegistrationEmailVerification" name="test_register_returns_email_verification_required" time="1.580" /><testcase classname="backend.tests.test_email_verification.TestLoginBlockedUnverified" name="test_login_blocked_for_unverified_user" time="1.638" /><testcase classname="backend.tests.test_email_verification.TestExistingUsersCanLogin" name="test_admin_can_login" time="0.355" /><testcase classname="backend.tests.test_email_verification.TestExistingUsersCanLogin" name="test_provider_can_login" time="0.338" /><testcase classname="backend.tests.test_email_verification.TestVerifyEmailEndpoint" name="test_verify_email_with_invalid_token" time="0.101" /><testcase classname="backend.tests.test_email_verification.TestResendVerification" name="test_resend_verification_success" time="2.925" /><testcase classname="backend.tests.test_email_verification.TestResendVerification" name="test_resend_verification_no_email" time="0.074" /><testcase classname="backend.tests.test_email_verification.TestResendVerification" name="test_resend_verification_unknown_email" time="0.089" /><testcase classname="backend.tests.test_email_verification.TestFullVerificationFlow" name="test_full_verification_flow" time="3.852" /></testsuite></testsuites>