<?xml version="1.0" encoding="utf-8"?><testsuites name="pytest tests"><testsuite name="pytest" errors="0" failures="1" skipped="0" tests="20" time="33.612" timestamp="2026-02-19T10:49:31.292085+00:00" hostname="agent-env-8f9bea16-72f7-4ec0-a580-c4208de4394e"><testcase classname="backend.tests.test_enhanced_provider_profile.TestEnhancedProviderProfile" name="test_filter_options_returns_shift_options" time="2.363" /><testcase classname="backend.tests.test_enhanced_provider_profile.TestEnhancedProviderProfile" name="test_filter_options_returns_days_of_week" time="1.366" /><testcase classname="backend.tests.test_enhanced_provider_profile.TestEnhancedProviderProfile" name="test_filter_options_returns_gender_options" time="1.411" /><testcase classname="backend.tests.test_enhanced_provider_profile.TestEnhancedProviderProfile" name="test_filter_options_returns_language_options" time="1.452" /><testcase classname="backend.tests.test_enhanced_provider_profile.TestEnhancedProviderProfile" name="test_filter_options_returns_target_audience_options" time="1.355" /><testcase classname="backend.tests.test_enhanced_provider_profile.TestEnhancedProviderProfile" name="test_image_upload_success" time="1.515" /><testcase classname="backend.tests.test_enhanced_provider_profile.TestEnhancedProviderProfile" name="test_image_upload_rejects_non_image" time="1.487" /><testcase classname="backend.tests.test_enhanced_provider_profile.TestEnhancedProviderProfile" name="test_image_upload_requires_auth" time="1.420" /><testcase classname="backend.tests.test_enhanced_provider_profile.TestEnhancedProviderProfile" name="test_update_provider_gender" time="1.727" /><testcase classname="backend.tests.test_enhanced_provider_profile.TestEnhancedProviderProfile" name="test_update_provider_years_experience" time="1.795" /><testcase classname="backend.tests.test_enhanced_provider_profile.TestEnhancedProviderProfile" name="test_update_provider_about" time="1.727" /><testcase classname="backend.tests.test_enhanced_provider_profile.TestEnhancedProviderProfile" name="test_update_provider_expertise" time="1.800" /><testcase classname="backend.tests.test_enhanced_provider_profile.TestEnhancedProviderProfile" name="test_update_provider_languages" time="1.773" /><testcase classname="backend.tests.test_enhanced_provider_profile.TestEnhancedProviderProfile" name="test_update_provider_target_audience" time="1.829" /><testcase classname="backend.tests.test_enhanced_provider_profile.TestEnhancedProviderProfile" name="test_update_provider_service_areas" time="1.927" /><testcase classname="backend.tests.test_enhanced_provider_profile.TestEnhancedProviderProfile" name="test_update_provider_availability_shift_based" time="1.713" /><testcase classname="backend.tests.test_enhanced_provider_profile.TestEnhancedProviderProfile" name="test_availability_all_shifts_all_days" time="1.791" /><testcase classname="backend.tests.test_enhanced_provider_profile.TestEnhancedProviderProfile" name="test_update_provider_profile_image" time="1.808" /><testcase classname="backend.tests.test_enhanced_provider_profile.TestEnhancedProviderProfile" name="test_update_all_new_fields_at_once" time="1.794" /><testcase classname="backend.tests.test_enhanced_provider_profile.TestEnhancedProviderProfile" name="test_existing_provider_has_new_fields" time="1.450"><failure message="assert 'about' in {'availability': [], 'business_name': 'ד&quot;ר ישראל ישראלי', 'created_at': '2026-02-11T20:52:10.885093+00:00', 'description': 'רופא משפחה מנוסה עם למעלה מ-15 שנות ניסיון בטיפול בכל הגילאים', ...}">backend/tests/test_enhanced_provider_profile.py:445: in test_existing_provider_has_new_fields
    assert "about" in data
E   assert 'about' in {'availability': [], 'business_name': 'ד"ר ישראל ישראלי', 'created_at': '2026-02-11T20:52:10.885093+00:00', 'description': 'רופא משפחה מנוסה עם למעלה מ-15 שנות ניסיון בטיפול בכל הגילאים', ...}</failure></testcase></testsuite></testsuites>