<?xml version="1.0" encoding="utf-8"?><testsuites name="pytest tests"><testsuite name="pytest" errors="0" failures="0" skipped="0" tests="22" time="11.427" timestamp="2026-02-25T00:15:23.314031+00:00" hostname="agent-env-4afb9aae-809a-47cb-849c-5688493f2313"><testcase classname="tests.test_regression_p1_refactor.TestAuthRouterEndpoints" name="test_login_user_account" time="0.608" /><testcase classname="tests.test_regression_p1_refactor.TestAuthRouterEndpoints" name="test_login_provider_account" time="0.333" /><testcase classname="tests.test_regression_p1_refactor.TestAuthRouterEndpoints" name="test_login_admin_account" time="0.325" /><testcase classname="tests.test_regression_p1_refactor.TestAuthRouterEndpoints" name="test_login_invalid_credentials" time="0.092" /><testcase classname="tests.test_regression_p1_refactor.TestAuthRouterEndpoints" name="test_register_new_user" time="1.572" /><testcase classname="tests.test_regression_p1_refactor.TestAuthRouterEndpoints" name="test_get_auth_me" time="0.423" /><testcase classname="tests.test_regression_p1_refactor.TestServicesRouterEndpoints" name="test_get_services_list" time="0.130" /><testcase classname="tests.test_regression_p1_refactor.TestServicesRouterEndpoints" name="test_get_service_by_id" time="0.134" /><testcase classname="tests.test_regression_p1_refactor.TestBookingsRouterEndpoints" name="test_create_booking" time="2.975" /><testcase classname="tests.test_regression_p1_refactor.TestBookingsRouterEndpoints" name="test_get_my_bookings" time="0.587" /><testcase classname="tests.test_regression_p1_refactor.TestChatRouterEndpoints" name="test_get_chat_rooms" time="0.517" /><testcase classname="tests.test_regression_p1_refactor.TestChatRouterEndpoints" name="test_create_chat_room" time="0.576" /><testcase classname="tests.test_regression_p1_refactor.TestChatRouterEndpoints" name="test_send_message" time="0.729" /><testcase classname="tests.test_regression_p1_refactor.TestNotificationsRouterEndpoints" name="test_get_notifications" time="0.476" /><testcase classname="tests.test_regression_p1_refactor.TestSubscriptionRouterEndpoints" name="test_get_subscription_plans" time="0.105" /><testcase classname="tests.test_regression_p1_refactor.TestAdminRouterEndpoints" name="test_admin_get_users" time="0.461" /><testcase classname="tests.test_regression_p1_refactor.TestAdminRouterEndpoints" name="test_admin_unauthorized_access" time="0.441" /><testcase classname="tests.test_regression_p1_refactor.TestProviderRouterEndpoints" name="test_get_providers_list" time="0.103" /><testcase classname="tests.test_regression_p1_refactor.TestProviderRouterEndpoints" name="test_get_provider_me" time="0.440" /><testcase classname="tests.test_regression_p1_refactor.TestPublicEndpoints" name="test_get_regions" time="0.090" /><testcase classname="tests.test_regression_p1_refactor.TestPublicEndpoints" name="test_get_public_settings" time="0.093" /><testcase classname="tests.test_regression_p1_refactor.TestPublicEndpoints" name="test_get_public_stats" time="0.126" /></testsuite></testsuites>