<?xml version="1.0" encoding="utf-8"?><testsuites name="pytest tests"><testsuite name="pytest" errors="0" failures="0" skipped="0" tests="15" time="19.988" timestamp="2026-02-23T21:25:02.703614+00:00" hostname="agent-env-bd4ea3f2-1de0-4b0e-b01c-0ba629d72d03"><testcase classname="backend.tests.test_provider_service_booking.TestServiceCRUD" name="test_01_get_service_and_delivery_types" time="1.386" /><testcase classname="backend.tests.test_provider_service_booking.TestServiceCRUD" name="test_02_create_visit_service" time="0.986" /><testcase classname="backend.tests.test_provider_service_booking.TestServiceCRUD" name="test_03_create_hourly_service_with_minimum_hours" time="0.996" /><testcase classname="backend.tests.test_provider_service_booking.TestServiceCRUD" name="test_04_create_service_with_weekend_percentage_surcharge" time="1.038" /><testcase classname="backend.tests.test_provider_service_booking.TestServiceCRUD" name="test_05_create_service_with_weekend_fixed_surcharge" time="1.006" /><testcase classname="backend.tests.test_provider_service_booking.TestServiceCRUD" name="test_06_create_service_with_travel_cost" time="1.008" /><testcase classname="backend.tests.test_provider_service_booking.TestServiceCRUD" name="test_07_create_product_with_shipping" time="1.003" /><testcase classname="backend.tests.test_provider_service_booking.TestServiceCRUD" name="test_08_get_my_services" time="1.009" /><testcase classname="backend.tests.test_provider_service_booking.TestServiceCRUD" name="test_09_update_service" time="1.337" /><testcase classname="backend.tests.test_provider_service_booking.TestServiceCRUD" name="test_10_create_consultation_service" time="0.969" /><testcase classname="backend.tests.test_provider_service_booking.TestBookingPriceCalculation" name="test_01_booking_with_weekend_percentage_surcharge" time="1.429" /><testcase classname="backend.tests.test_provider_service_booking.TestBookingPriceCalculation" name="test_02_booking_with_travel_cost" time="1.391" /><testcase classname="backend.tests.test_provider_service_booking.TestBookingPriceCalculation" name="test_03_hourly_service_booking" time="1.438" /><testcase classname="backend.tests.test_provider_service_booking.TestBookingPriceCalculation" name="test_04_hourly_service_minimum_hours" time="1.330" /><testcase classname="backend.tests.test_provider_service_booking.TestServiceDeletion" name="test_cleanup_test_services" time="3.605" /></testsuite></testsuites>