<?xml version="1.0" encoding="utf-8"?><testsuites name="pytest tests"><testsuite name="pytest" errors="0" failures="0" skipped="0" tests="13" time="8.008" timestamp="2026-02-23T14:55:47.230829+00:00" hostname="agent-env-f5ef336c-d170-4d33-8aea-1a5c5685a297"><testcase classname="backend.tests.test_admin_pages.TestAdminPagesAPI" name="test_get_pages_list_requires_admin" time="0.558" /><testcase classname="backend.tests.test_admin_pages.TestAdminPagesAPI" name="test_get_pages_list_admin" time="1.065" /><testcase classname="backend.tests.test_admin_pages.TestAdminPagesAPI" name="test_create_page_admin" time="0.363" /><testcase classname="backend.tests.test_admin_pages.TestAdminPagesAPI" name="test_update_page_admin" time="0.367" /><testcase classname="backend.tests.test_admin_pages.TestAdminPagesAPI" name="test_update_page_toggle_publish" time="0.719" /><testcase classname="backend.tests.test_admin_pages.TestAdminPagesAPI" name="test_delete_page_admin" time="0.368" /><testcase classname="backend.tests.test_admin_pages.TestAdminPagesAPI" name="test_delete_nonexistent_page" time="0.343" /><testcase classname="backend.tests.test_admin_pages.TestPublicPagesAPI" name="test_get_published_page" time="1.053" /><testcase classname="backend.tests.test_admin_pages.TestPublicPagesAPI" name="test_get_nonexistent_page" time="1.092" /><testcase classname="backend.tests.test_admin_pages.TestCarelinksPreviewPage" name="test_carelink_preview_page" time="0.357" /><testcase classname="backend.tests.test_admin_pages.TestAdminPagesAuthorization" name="test_create_page_requires_admin" time="0.933" /><testcase classname="backend.tests.test_admin_pages.TestAdminPagesAuthorization" name="test_update_page_requires_admin" time="0.364" /><testcase classname="backend.tests.test_admin_pages.TestAdminPagesAuthorization" name="test_delete_page_requires_admin" time="0.359" /></testsuite></testsuites>