<?xml version="1.0" encoding="utf-8"?><testsuites name="pytest tests"><testsuite name="pytest" errors="0" failures="0" skipped="0" tests="14" time="16.681" timestamp="2026-02-24T00:10:41.185331+00:00" hostname="agent-env-a3c6b8f7-876f-4bb2-ab47-a6a80e212e40"><testcase classname="backend.tests.test_verification.TestVerificationStatusEndpoint" name="test_verification_status_unauthorized" time="0.546" /><testcase classname="backend.tests.test_verification.TestVerificationStatusEndpoint" name="test_verification_status_for_user" time="1.105" /><testcase classname="backend.tests.test_verification.TestVerificationStatusEndpoint" name="test_verification_status_for_provider" time="1.000" /><testcase classname="backend.tests.test_verification.TestVerificationRequestEndpoint" name="test_verification_request_unauthorized" time="0.426" /><testcase classname="backend.tests.test_verification.TestVerificationRequestEndpoint" name="test_verification_request_without_documents" time="1.011" /><testcase classname="backend.tests.test_verification.TestVerificationRequestEndpoint" name="test_verification_request_with_document" time="1.010" /><testcase classname="backend.tests.test_verification.TestAdminUserVerificationsEndpoint" name="test_admin_user_verifications_unauthorized" time="1.007" /><testcase classname="backend.tests.test_verification.TestAdminUserVerificationsEndpoint" name="test_admin_user_verifications_success" time="1.001" /><testcase classname="backend.tests.test_verification.TestAdminUserVerificationsEndpoint" name="test_admin_user_verifications_filter_by_status" time="1.741" /><testcase classname="backend.tests.test_verification.TestAdminApproveVerification" name="test_approve_unauthorized" time="0.993" /><testcase classname="backend.tests.test_verification.TestAdminApproveVerification" name="test_approve_nonexistent_user" time="1.023" /><testcase classname="backend.tests.test_verification.TestAdminRejectVerification" name="test_reject_unauthorized" time="1.001" /><testcase classname="backend.tests.test_verification.TestAdminRejectVerification" name="test_reject_nonexistent_user" time="1.030" /><testcase classname="backend.tests.test_verification.TestVerificationE2EFlow" name="test_e2e_user_verification_flow" time="3.724" /></testsuite></testsuites>