<?xml version="1.0" encoding="utf-8"?><testsuites name="pytest tests"><testsuite name="pytest" errors="0" failures="0" skipped="0" tests="9" time="4.601" timestamp="2026-02-18T22:08:09.410084+00:00" hostname="agent-env-64138c24-d784-4211-82bd-4b635710fd92"><testcase classname="backend.tests.test_booking_bugfix.TestGuestBookingBugFix" name="test_guest_booking_returns_boolean_true" time="0.530" /><testcase classname="backend.tests.test_booking_bugfix.TestGuestBookingBugFix" name="test_guest_booking_with_all_required_fields" time="0.428" /><testcase classname="backend.tests.test_booking_bugfix.TestGuestBookingBugFix" name="test_guest_booking_missing_name_requires_auth" time="0.523" /><testcase classname="backend.tests.test_booking_bugfix.TestGuestBookingBugFix" name="test_guest_booking_missing_phone_requires_auth" time="0.404" /><testcase classname="backend.tests.test_booking_bugfix.TestGuestBookingBugFix" name="test_non_guest_booking_requires_auth" time="0.387" /><testcase classname="backend.tests.test_booking_bugfix.TestAuthenticatedBooking" name="test_authenticated_booking_creates_correctly" time="1.046" /><testcase classname="backend.tests.test_booking_bugfix.TestTimeSlotAvailability" name="test_booking_with_time_slot" time="0.388" /><testcase classname="backend.tests.test_booking_bugfix.TestServiceValidation" name="test_booking_invalid_service_returns_404" time="0.402" /><testcase classname="backend.tests.test_booking_bugfix.TestServiceValidation" name="test_service_endpoint_returns_correct_service" time="0.431" /></testsuite></testsuites>