<?xml version="1.0" encoding="utf-8"?><testsuites name="pytest tests"><testsuite name="pytest" errors="0" failures="0" skipped="0" tests="13" time="19.712" timestamp="2026-02-22T13:43:35.873136+00:00" hostname="agent-env-ff395cf7-73ce-4972-b5a2-2b5462df20a8"><testcase classname="backend.tests.test_push_notifications.TestVAPIDPublicKey" name="test_get_vapid_public_key_success" time="0.563" /><testcase classname="backend.tests.test_push_notifications.TestPushSubscription" name="test_subscribe_push_notifications" time="1.697" /><testcase classname="backend.tests.test_push_notifications.TestPushSubscription" name="test_subscribe_requires_auth" time="1.062" /><testcase classname="backend.tests.test_push_notifications.TestPushSubscription" name="test_unsubscribe_push_notifications" time="1.627" /><testcase classname="backend.tests.test_push_notifications.TestPushPreferences" name="test_get_default_preferences" time="1.096" /><testcase classname="backend.tests.test_push_notifications.TestPushPreferences" name="test_update_preferences" time="1.672" /><testcase classname="backend.tests.test_push_notifications.TestPushPreferences" name="test_preferences_require_auth" time="1.491" /><testcase classname="backend.tests.test_push_notifications.TestAdminPushNotifications" name="test_admin_send_push_to_all" time="1.736" /><testcase classname="backend.tests.test_push_notifications.TestAdminPushNotifications" name="test_admin_send_push_to_providers" time="1.740" /><testcase classname="backend.tests.test_push_notifications.TestAdminPushNotifications" name="test_admin_send_push_to_specific_users" time="1.810" /><testcase classname="backend.tests.test_push_notifications.TestAdminPushNotifications" name="test_admin_send_push_requires_admin_role" time="1.772" /><testcase classname="backend.tests.test_push_notifications.TestAdminPushNotifications" name="test_admin_get_push_history" time="1.699" /><testcase classname="backend.tests.test_push_notifications.TestAdminPushNotifications" name="test_admin_push_history_requires_admin" time="1.678" /></testsuite></testsuites>