<?xml version="1.0" encoding="utf-8"?><testsuites name="pytest tests"><testsuite name="pytest" errors="0" failures="0" skipped="0" tests="22" time="5.303" timestamp="2026-02-19T09:46:41.874256+00:00" hostname="agent-env-3e43279e-9e72-46dd-8d71-bc481bccd211"><testcase classname="backend.tests.test_admin_user_management.TestAdminUserManagement" name="test_users_have_user_number" time="0.604" /><testcase classname="backend.tests.test_admin_user_management.TestAdminUserManagement" name="test_get_user_details_success" time="0.311" /><testcase classname="backend.tests.test_admin_user_management.TestAdminUserManagement" name="test_get_user_details_not_found" time="0.094" /><testcase classname="backend.tests.test_admin_user_management.TestAdminUserManagement" name="test_get_user_details_requires_admin" time="0.106" /><testcase classname="backend.tests.test_admin_user_management.TestAdminUserManagement" name="test_update_user_success" time="0.448" /><testcase classname="backend.tests.test_admin_user_management.TestAdminUserManagement" name="test_update_user_not_found" time="0.104" /><testcase classname="backend.tests.test_admin_user_management.TestAdminUserManagement" name="test_update_user_no_valid_fields" time="0.119" /><testcase classname="backend.tests.test_admin_user_management.TestAdminUserManagement" name="test_suspend_user_success" time="0.401" /><testcase classname="backend.tests.test_admin_user_management.TestAdminUserManagement" name="test_suspend_self_rejected" time="0.522" /><testcase classname="backend.tests.test_admin_user_management.TestAdminUserManagement" name="test_send_message_success" time="0.127" /><testcase classname="backend.tests.test_admin_user_management.TestAdminUserManagement" name="test_send_message_no_content_rejected" time="0.097" /><testcase classname="backend.tests.test_admin_user_management.TestAdminUserManagement" name="test_get_verification_documents" time="0.087" /><testcase classname="backend.tests.test_admin_user_management.TestAdminServicesManagement" name="test_get_services_list" time="0.476" /><testcase classname="backend.tests.test_admin_user_management.TestAdminServicesManagement" name="test_get_services_with_search" time="0.106" /><testcase classname="backend.tests.test_admin_user_management.TestAdminServicesManagement" name="test_get_services_with_pagination" time="0.094" /><testcase classname="backend.tests.test_admin_user_management.TestAdminServicesManagement" name="test_get_services_requires_admin" time="0.125" /><testcase classname="backend.tests.test_admin_user_management.TestAdminServicesManagement" name="test_update_service_success" time="0.478" /><testcase classname="backend.tests.test_admin_user_management.TestAdminServicesManagement" name="test_update_service_not_found" time="0.093" /><testcase classname="backend.tests.test_admin_user_management.TestAdminServicesManagement" name="test_update_service_no_valid_fields" time="0.093" /><testcase classname="backend.tests.test_admin_user_management.TestAdminServicesManagement" name="test_delete_service_not_found" time="0.086" /><testcase classname="backend.tests.test_admin_user_management.TestUserAndProviderNumbers" name="test_user_numbers_format" time="0.488" /><testcase classname="backend.tests.test_admin_user_management.TestUserAndProviderNumbers" name="test_provider_numbers_format" time="0.133" /></testsuite></testsuites>