<?xml version="1.0" encoding="utf-8"?><testsuites name="pytest tests"><testsuite name="pytest" errors="0" failures="4" skipped="7" tests="25" time="9.515" timestamp="2026-02-12T09:21:11.503466+00:00" hostname="agent-env-c41dfe23-65ad-4162-ab97-059cbc3b3511"><testcase classname="backend.tests.test_carelink_features.TestHealthAndAuth" name="test_health_check" time="0.518"><failure message="assert 404 == 200&#10; +  where 404 = &lt;Response [404]&gt;.status_code">backend/tests/test_carelink_features.py:70: in test_health_check
    assert response.status_code == 200
E   assert 404 == 200
E    +  where 404 = &lt;Response [404]&gt;.status_code</failure></testcase><testcase classname="backend.tests.test_carelink_features.TestHealthAndAuth" name="test_admin_login" time="0.730"><failure message="assert 401 == 200&#10; +  where 401 = &lt;Response [401]&gt;.status_code">backend/tests/test_carelink_features.py:79: in test_admin_login
    assert response.status_code == 200
E   assert 401 == 200
E    +  where 401 = &lt;Response [401]&gt;.status_code</failure></testcase><testcase classname="backend.tests.test_carelink_features.TestHealthAndAuth" name="test_user_login" time="0.647"><failure message="assert 401 == 200&#10; +  where 401 = &lt;Response [401]&gt;.status_code">backend/tests/test_carelink_features.py:91: in test_user_login
    assert response.status_code == 200
E   assert 401 == 200
E    +  where 401 = &lt;Response [401]&gt;.status_code</failure></testcase><testcase classname="backend.tests.test_carelink_features.TestProvidersSearch" name="test_search_providers_basic" time="0.324" /><testcase classname="backend.tests.test_carelink_features.TestProvidersSearch" name="test_search_providers_by_city" time="0.319" /><testcase classname="backend.tests.test_carelink_features.TestProvidersSearch" name="test_search_providers_by_text" time="0.319" /><testcase classname="backend.tests.test_carelink_features.TestProvidersSearch" name="test_search_providers_with_gps_coordinates" time="0.422" /><testcase classname="backend.tests.test_carelink_features.TestProvidersSearch" name="test_search_providers_by_category" time="0.324" /><testcase classname="backend.tests.test_carelink_features.TestProvidersSearch" name="test_search_providers_verified_only" time="0.321" /><testcase classname="backend.tests.test_carelink_features.TestProvidersSearch" name="test_get_filter_options" time="0.332" /><testcase classname="backend.tests.test_carelink_features.TestRegions" name="test_get_regions" time="0.306"><failure message="assert 520 == 200&#10; +  where 520 = &lt;Response [520]&gt;.status_code">backend/tests/test_carelink_features.py:173: in test_get_regions
    assert response.status_code == 200
E   assert 520 == 200
E    +  where 520 = &lt;Response [520]&gt;.status_code</failure></testcase><testcase classname="backend.tests.test_carelink_features.TestRegions" name="test_create_region_admin" time="0.544"><skipped type="pytest.skip" message="Admin token not available">/app/backend/tests/test_carelink_features.py:190: Admin token not available</skipped></testcase><testcase classname="backend.tests.test_carelink_features.TestRegions" name="test_add_city_to_region" time="0.000"><skipped type="pytest.skip" message="Admin token not available">/app/backend/tests/test_carelink_features.py:209: Admin token not available</skipped></testcase><testcase classname="backend.tests.test_carelink_features.TestFavorites" name="test_add_to_favorites" time="0.652"><skipped type="pytest.skip" message="User token not available">/app/backend/tests/test_carelink_features.py:242: User token not available</skipped></testcase><testcase classname="backend.tests.test_carelink_features.TestFavorites" name="test_check_favorite_status" time="0.000"><skipped type="pytest.skip" message="User token not available">/app/backend/tests/test_carelink_features.py:268: User token not available</skipped></testcase><testcase classname="backend.tests.test_carelink_features.TestFavorites" name="test_get_favorites_list" time="0.000"><skipped type="pytest.skip" message="User token not available">/app/backend/tests/test_carelink_features.py:294: User token not available</skipped></testcase><testcase classname="backend.tests.test_carelink_features.TestFavorites" name="test_remove_from_favorites" time="0.000"><skipped type="pytest.skip" message="User token not available">/app/backend/tests/test_carelink_features.py:307: User token not available</skipped></testcase><testcase classname="backend.tests.test_carelink_features.TestGuestBooking" name="test_guest_booking_requires_service" time="0.319" /><testcase classname="backend.tests.test_carelink_features.TestChat" name="test_get_chat_rooms_unauthenticated" time="0.424" /><testcase classname="backend.tests.test_carelink_features.TestChat" name="test_get_chat_rooms_authenticated" time="0.000"><skipped type="pytest.skip" message="User token not available">/app/backend/tests/test_carelink_features.py:368: User token not available</skipped></testcase><testcase classname="backend.tests.test_carelink_features.TestProviderProfile" name="test_get_provider_profile" time="0.655" /><testcase classname="backend.tests.test_carelink_features.TestProviderProfile" name="test_provider_profile_increments_views" time="0.953" /><testcase classname="backend.tests.test_carelink_features.TestProviderReviews" name="test_get_provider_reviews" time="0.638" /><testcase classname="backend.tests.test_carelink_features.TestServices" name="test_get_services" time="0.324" /><testcase classname="backend.tests.test_carelink_features.TestServices" name="test_search_services_by_type" time="0.320" /></testsuite></testsuites>